<?xml version="1.0" encoding="UTF-8"?>
<testsuite xmlns:xsi="http://www.w3.org/2001/XMLSchema-instance" xsi:noNamespaceSchemaLocation="https://maven.apache.org/surefire/maven-surefire-plugin/xsd/surefire-test-report.xsd" name="tcd.parse_to_index.DocumentParserTest" time="0.092" tests="3" errors="0" skipped="3" failures="0">
  <properties>
[...]
</properties>
  <testcase name="federalRegister_fr940104_0_Test" classname="tcd.parse_to_index.DocumentParserTest" time="0">
    <skipped/>
  </testcase>
  <testcase name="financialTimes_ft911_1_FirstDocTest" classname="tcd.parse_to_index.DocumentParserTest" time="0">
    <skipped/>
  </testcase>
  <testcase name="financialTimes_ft943_7_FirstDocTest" classname="tcd.parse_to_index.DocumentParserTest" time="0">
    <skipped/>
  </testcase>
</testsuite>