<?xml version="1.0" encoding="UTF-8"?>
<testsuite xmlns:xsi="http://www.w3.org/2001/XMLSchema-instance" xsi:noNamespaceSchemaLocation="https://maven.apache.org/surefire/maven-surefire-plugin/xsd/surefire-test-report.xsd" name="tcd.parse_to_index.DocumentParserTest" time="1.234" tests="2" errors="0" skipped="0" failures="0">
  <properties>
[...]
</properties>
  <testcase name="financialTimes_ft911_1_FirstDocTest" classname="tcd.parse_to_index.DocumentParserTest" time="1.013"/>
  <testcase name="financialTimes_ft943_7_FirstDocTest" classname="tcd.parse_to_index.DocumentParserTest" time="0.19"/>
</testsuite>